1586596701815	mozrunner::runner	INFO	Running command: "C:\\Program Files\\Mozilla Firefox\\firefox.exe" "-marionette" "-foreground" "-no-remote" "-profile" "C:\\Users\\Sanket\\AppData\\Local\\Temp\\rust_mozprofile8eNacf"
1586596706428	addons.webextension.doh-rollout@mozilla.org	WARN	Loading extension 'doh-rollout@mozilla.org': Reading manifest: Invalid extension permission: networkStatus
1586596708466	addons.webextension.screenshots@mozilla.org	WARN	Loading extension 'screenshots@mozilla.org': Reading manifest: Invalid extension permission: mozillaAddons
1586596708466	addons.webextension.screenshots@mozilla.org	WARN	Loading extension 'screenshots@mozilla.org': Reading manifest: Invalid extension permission: telemetry
1586596708467	addons.webextension.screenshots@mozilla.org	WARN	Loading extension 'screenshots@mozilla.org': Reading manifest: Invalid extension permission: resource://pdf.js/
1586596708467	addons.webextension.screenshots@mozilla.org	WARN	Loading extension 'screenshots@mozilla.org': Reading manifest: Invalid extension permission: about:reader*
JavaScript error: resource://gre/modules/XULStore.jsm, line 66: Error: Can't find profile directory.
1586596721147	Marionette	INFO	Listening on port 62422
JavaScript error: resource://gre/modules/NetworkGeolocationProvider.jsm, line 555: TypeError: xhr.response.location is undefined
1586596721403	Marionette	WARN	TLS certificate errors will be ignored for this session
JavaScript error: resource://gre/actors/BrowserElementParent.jsm, line 180: Error: permitUnload is already running for this tab.
JavaScript error: resource://gre/actors/BrowserElementParent.jsm, line 180: Error: permitUnload is already running for this tab.
JavaScript error: resource://gre/actors/BrowserElementParent.jsm, line 180: Error: permitUnload is already running for this tab.
1586611443261	Marionette	INFO	Stopped listening on port 62422

###!!! [Child][MessageChannel::SendAndWait] Error: Channel error: cannot send/recv

ssion: mozillaAddons
1586596744239	addons.webextension.screenshots@mozilla.org	WARN	Loading extension 'screenshots@mozilla.org': Reading manifest: Invalid extension permission: telemetry
1586596744239	addons.webextension.screenshots@mozilla.org	WARN	Loading extension 'screenshots@mozilla.org': Reading manifest: Invalid extension permission: resource://pdf.js/
1586596744239	addons.webextension.screenshots@mozilla.org	WARN	Loading extension 'screenshots@mozilla.org': Reading manifest: Invalid extension permission: about:reader*
JavaScript error: resource://gre/modules/XULStore.jsm, line 66: Error: Can't find profile directory.
1586596746142	Marionette	INFO	Listening on port 62515
1586596746230	Marionette	WARN	TLS certificate errors will be ignored for this session
JavaScript error: https://www.goindigo.in/, line 5300: TypeError: thisHeading.closest(...) is null
[Parent 7616, Gecko_IOThread] WARNING: file Z:/task_1585933993/build/src/ipc/chromium/src/base/process_util_win.cc, line 166
1586611441266	Marionette	INFO	Stopped listening on port 62515
1586756723734	mozrunner::runner	INFO	Running command: "C:\\Program Files\\Mozilla Firefox\\firefox.exe" "-marionette" "-foreground" "-no-remote" "-profile" "C:\\Users\\Sanket\\AppData\\Local\\Temp\\rust_mozprofilejvB6gh"
1586756729543	addons.webextension.doh-rollout@mozilla.org	WARN	Loading extension 'doh-rollout@mozilla.org': Reading manifest: Invalid extension permission: networkStatus
1586756731892	addons.webextension.screenshots@mozilla.org	WARN	Loading extension 'screenshots@mozilla.org': Reading manifest: Invalid extension permission: mozillaAddons
1586756731893	addons.webextension.screenshots@mozilla.org	WARN	Loading extension 'screenshots@mozilla.org': Reading manifest: Invalid extension permission: telemetry
1586756731893	addons.webextension.screenshots@mozilla.org	WARN	Loading extension 'screenshots@mozilla.org': Reading manifest: Invalid extension permission: resource://pdf.js/
1586756731894	addons.webextension.screenshots@mozilla.org	WARN	Loading extension 'screenshots@mozilla.org': Reading manifest: Invalid extension permission: about:reader*
JavaScript error: resource://gre/modules/XULStore.jsm, line 66: Error: Can't find profile directory.
1586756742534	Marionette	INFO	Listening on port 62704
1586756742791	Marionette	WARN	TLS certificate errors will be ignored for this session
1586757103660	Marionette	INFO	Stopped listening on port 62704

###!!! [Child][RunMessage] Error: Channel closing: too late to send/recv, messages will be lost


###!!! [Child][MessageChannel::SendAndWait] Error: Channel error: cannot send/recv

on.doh-rollout@mozilla.org	WARN	Loading extension 'doh-rollout@mozilla.org': Reading manifest: Invalid extension permission: networkStatus
1586756770019	addons.webextension.screenshots@mozilla.org	WARN	Loading extension 'screenshots@mozilla.org': Reading manifest: Invalid extension permission: mozillaAddons
1586756770019	addons.webextension.screenshots@mozilla.org	WARN	Loading extension 'screenshots@mozilla.org': Reading manifest: Invalid extension permission: telemetry
1586756770020	addons.webextension.screenshots@mozilla.org	WARN	Loading extension 'screenshots@mozilla.org': Reading manifest: Invalid extension permission: resource://pdf.js/
1586756770020	addons.webextension.screenshots@mozilla.org	WARN	Loading extension 'screenshots@mozilla.org': Reading manifest: Invalid extension permission: about:reader*
JavaScript error: resource://gre/modules/XULStore.jsm, line 66: Error: Can't find profile directory.
1586756772687	Marionette	INFO	Listening on port 62804
1586756772723	Marionette	WARN	TLS certificate errors will be ignored for this session
JavaScript error: https://www.goindigo.in/, line 5300: TypeError: thisHeading.closest(...) is null

###!!! [Parent][DispatchAsyncMessage] Error: PBackgroundIDBDatabase::Msg_PBackgroundIDBTransactionConstructor Value error: message was deserialized, but contained an illegal value

1586757106887	Marionette	INFO	Stopped listening on port 62804

###!!! [Child][RunMessage] Error: Channel closing: too late to send/recv, messages will be lost


###!!! [Child][MessageChannel::SendAndWait] Error: Channel error: cannot send/recv

